<?xml version="1.0" encoding="UTF-8"?>
<testsuite name="IPL_League_Analysis_Test" tests="4" skipped="0" failures="0" errors="0" timestamp="2020-12-16T14:43:47" hostname="DESKTOP-J9DM2GE" time="0.821">
  <properties/>
  <testcase name="givenIPLRunsData_ShouldReturn_TopBattingAverages_ofCricketers" classname="IPL_League_Analysis_Test" time="0.492"/>
  <testcase name="givenIPLRunsData_ShouldReturn_TopFours_ofCricketers" classname="IPL_League_Analysis_Test" time="0.137"/>
  <testcase name="givenIPLRunsData_ShouldReturn_TopStrikeRates_ofCricketers" classname="IPL_League_Analysis_Test" time="0.098"/>
  <testcase name="givenIPLRunsData_ShouldReturn_TopSixes_ofCricketers" classname="IPL_League_Analysis_Test" time="0.093"/>
  <system-out><![CDATA[Answer found
Answer found
Answer found
Answer found
]]></system-out>
  <system-err><![CDATA[]]></system-err>
</testsuite>
